<?xml version="1.0" encoding="UTF-8"?>
<!-- Generated by org.testng.reporters.JUnitXMLReporter -->
<testsuite hostname="DESKTOP-11SJ4LJ" ignored="0" name="Page navigation" tests="2" failures="1" timestamp="2022-01-06T19:49:58 GMT" time="43.142" errors="0">
  <testcase name="pageNavigation" time="17.991" classname="testcases.MainMenuPageNavigationTest"/>
  <testcase name="pageNavigation" time="22.619" classname="testcases.MainMenuPageNavigationTest">
    <failure type="java.lang.AssertionError" message="null">
      <![CDATA[java.lang.AssertionError: null
at testcases.MainMenuPageNavigationTest.pageItemTitleValidation(MainMenuPageNavigationTest.java:58)
at testcases.MainMenuPageNavigationTest.pageNavigation(MainMenuPageNavigationTest.java:110)
at java.util.ArrayList.forEach(Unknown Source)
... Removed 29 stack frames]]>
    </failure>
  </testcase> <!-- pageNavigation -->
</testsuite> <!-- Page navigation -->
