<?xml version="1.0" encoding="UTF-8"?>
<!-- Generated by org.testng.reporters.JUnitXMLReporter -->
<testsuite hostname="DESKTOP-11SJ4LJ" ignored="0" name="TS006_TC001_Find a store" tests="2" failures="1" timestamp="2022-01-13T10:57:57 GMT" time="55.134" errors="0">
  <testcase name="currysStoreFinder" time="24.995" classname="testcases.TS006TC001FindAStoreTest">
    <failure type="java.lang.AssertionError" message="null">
      <![CDATA[java.lang.AssertionError: null
at testcases.TS006TC001FindAStoreTest.currysStoreFinder(TS006TC001FindAStoreTest.java:43)
at java.util.ArrayList.forEach(Unknown Source)
... Removed 29 stack frames]]>
    </failure>
  </testcase> <!-- currysStoreFinder -->
  <testcase name="currysStoreFinder" time="26.951" classname="testcases.TS006TC001FindAStoreTest"/>
</testsuite> <!-- TS006_TC001_Find a store -->
